<?xml version="1.0" encoding="UTF-8"?>
<!-- Generated by org.testng.reporters.JUnitReportReporter -->
<testsuite hostname="DESKTOP-F0F8EOM" failures="0" tests="1" name="assignment.AmazonTest" time="14.451" errors="0" timestamp="2024-07-11T13:20:15 IST" skipped="0">
  <testcase classname="assignment.AmazonTest" name="SearchProduct" time="14.451"/>
</testsuite> <!-- assignment.AmazonTest -->
