<?xml version="1.0" encoding="UTF-8"?>
<!-- Generated by org.testng.reporters.JUnitReportReporter -->
<testsuite hostname="DESKTOP-F0F8EOM" failures="0" tests="1" name="assignment.TestCases.AmazonTest" time="19.347" errors="0" timestamp="2024-07-13T23:28:40 IST" skipped="0">
  <testcase classname="assignment.TestCases.AmazonTest" name="AmazonTask" time="19.347"/>
</testsuite> <!-- assignment.TestCases.AmazonTest -->
