<?xml version="1.0" encoding="UTF-8"?>
<!-- Generated by org.testng.reporters.JUnitReportReporter -->
<testsuite hostname="DESKTOP-F0F8EOM" failures="0" tests="1" name="apiTestCases.Test_getMethod" time="1.907" errors="0" timestamp="2024-07-15T01:44:07 IST" skipped="0">
  <testcase classname="apiTestCases.Test_getMethod" name="Test01" time="1.907"/>
</testsuite> <!-- apiTestCases.Test_getMethod -->
