<?xml version="1.0" encoding="UTF-8"?>
<!-- Generated by org.testng.reporters.JUnitReportReporter -->
<testsuite hostname="DESKTOP-F0F8EOM" failures="0" tests="1" name="assignment.TestCases.FlipkartTest" time="12.603" errors="0" timestamp="2024-07-13T23:22:32 IST" skipped="0">
  <testcase classname="assignment.TestCases.FlipkartTest" name="FlipkartTask" time="12.603"/>
</testsuite> <!-- assignment.TestCases.FlipkartTest -->
