<?xml version="1.0" encoding="UTF-8"?>
<!-- Generated by org.testng.reporters.JUnitReportReporter -->
<testsuite hostname="DESKTOP-F0F8EOM" failures="0" tests="1" name="apiTestCases.Test_postMethod" time="2.490" errors="0" timestamp="2024-07-15T02:01:23 IST" skipped="0">
  <testcase classname="apiTestCases.Test_postMethod" name="Test03" time="2.490"/>
</testsuite> <!-- apiTestCases.Test_postMethod -->
