<?xml version="1.0" encoding="UTF-8"?>
<!-- Generated by org.testng.reporters.JUnitReportReporter -->
<testsuite hostname="DESKTOP-F0F8EOM" failures="0" tests="1" name="assignment.AmazonWebPage" time="6.444" errors="0" timestamp="2024-07-11T00:12:01 IST" skipped="0">
  <testcase classname="assignment.AmazonWebPage" name="setup" time="6.444"/>
</testsuite> <!-- assignment.AmazonWebPage -->
