<?xml version="1.0" encoding="UTF-8"?>
<!-- Generated by org.testng.reporters.JUnitReportReporter -->
<testsuite hostname="DESKTOP-F0F8EOM" failures="0" tests="1" name="assignment.TestCases.priceCompare" time="8.535" errors="0" timestamp="2024-07-12T18:59:08 IST" skipped="0">
  <testcase classname="assignment.TestCases.priceCompare" name="comparePrices" time="8.535"/>
</testsuite> <!-- assignment.TestCases.priceCompare -->
